{"/Users/tankeanmeng/Desktop/Bootcamp/Luno/index.js": {"path":"/Users/tankeanmeng/Desktop/Bootcamp/Luno/index.js","statementMap":{"0":{"start":{"line":18,"column":19},"end":{"line":18,"column":61}},"1":{"start":{"line":19,"column":2},"end":{"line":44,"column":3}},"2":{"start":{"line":20,"column":19},"end":{"line":20,"column":36}},"3":{"start":{"line":21,"column":4},"end":{"line":41,"column":5}},"4":{"start":{"line":22,"column":20},"end":{"line":22,"column":43}},"5":{"start":{"line":23,"column":25},"end":{"line":23,"column":43}},"6":{"start":{"line":24,"column":20},"end":{"line":24,"column":39}},"7":{"start":{"line":25,"column":27},"end":{"line":25,"column":49}},"8":{"start":{"line":27,"column":29},"end":{"line":27,"column":49}},"9":{"start":{"line":29,"column":34},"end":{"line":29,"column":59}},"10":{"start":{"line":31,"column":6},"end":{"line":31,"column":69}},"11":{"start":{"line":32,"column":6},"end":{"line":32,"column":64}},"12":{"start":{"line":33,"column":6},"end":{"line":33,"column":69}},"13":{"start":{"line":34,"column":6},"end":{"line":34,"column":76}},"14":{"start":{"line":35,"column":6},"end":{"line":35,"column":72}},"15":{"start":{"line":36,"column":6},"end":{"line":38,"column":8}},"16":{"start":{"line":40,"column":6},"end":{"line":40,"column":48}},"17":{"start":{"line":43,"column":4},"end":{"line":43,"column":21}},"18":{"start":{"line":46,"column":0},"end":{"line":46,"column":9}}},"fnMap":{"0":{"name":"result","decl":{"start":{"line":17,"column":22},"end":{"line":17,"column":28}},"loc":{"start":{"line":17,"column":31},"end":{"line":45,"column":1}},"line":17}},"branchMap":{"0":{"loc":{"start":{"line":21,"column":4},"end":{"line":41,"column":5}},"type":"if","locations":[{"start":{"line":21,"column":4},"end":{"line":41,"column":5}},{"start":{"line":39,"column":11},"end":{"line":41,"column":5}}],"line":21}},"s":{"0":2,"1":2,"2":2,"3":2,"4":1,"5":1,"6":1,"7":1,"8":1,"9":1,"10":1,"11":1,"12":1,"13":1,"14":1,"15":1,"16":1,"17":0,"18":1},"f":{"0":2},"b":{"0":[1,1]},"_coverageSchema":"1a1c01bbd47fc00a2c39e90264f33305004495a9","hash":"2e01199769423366813808ddb7ff71bc20d49b44"}
,"/Users/tankeanmeng/Desktop/Bootcamp/Luno/lib/binanceU.js": {"path":"/Users/tankeanmeng/Desktop/Bootcamp/Luno/lib/binanceU.js","statementMap":{"0":{"start":{"line":4,"column":16},"end":{"line":4,"column":29}},"1":{"start":{"line":7,"column":2},"end":{"line":19,"column":3}},"2":{"start":{"line":8,"column":17},"end":{"line":8,"column":39}},"3":{"start":{"line":9,"column":4},"end":{"line":13,"column":5}},"4":{"start":{"line":10,"column":6},"end":{"line":10,"column":37}},"5":{"start":{"line":12,"column":6},"end":{"line":12,"column":28}},"6":{"start":{"line":15,"column":4},"end":{"line":17,"column":5}},"7":{"start":{"line":16,"column":6},"end":{"line":16,"column":69}},"8":{"start":{"line":18,"column":4},"end":{"line":18,"column":14}},"9":{"start":{"line":22,"column":0},"end":{"line":22,"column":10}}},"fnMap":{"0":{"name":"binanceU","decl":{"start":{"line":5,"column":22},"end":{"line":5,"column":30}},"loc":{"start":{"line":5,"column":39},"end":{"line":20,"column":1}},"line":5}},"branchMap":{"0":{"loc":{"start":{"line":9,"column":4},"end":{"line":13,"column":5}},"type":"if","locations":[{"start":{"line":9,"column":4},"end":{"line":13,"column":5}},{"start":{"line":11,"column":11},"end":{"line":13,"column":5}}],"line":9},"1":{"loc":{"start":{"line":15,"column":4},"end":{"line":17,"column":5}},"type":"if","locations":[{"start":{"line":15,"column":4},"end":{"line":17,"column":5}},{"start":{},"end":{}}],"line":15}},"s":{"0":7,"1":9,"2":9,"3":4,"4":1,"5":3,"6":3,"7":3,"8":0,"9":7},"f":{"0":9},"b":{"0":[1,3],"1":[3,0]},"_coverageSchema":"1a1c01bbd47fc00a2c39e90264f33305004495a9","hash":"583e07a3c89b535d9530ac98898d880c720771d4"}
,"/Users/tankeanmeng/Desktop/Bootcamp/Luno/lib/lunoM.js": {"path":"/Users/tankeanmeng/Desktop/Bootcamp/Luno/lib/lunoM.js","statementMap":{"0":{"start":{"line":3,"column":13},"end":{"line":3,"column":19}},"1":{"start":{"line":4,"column":2},"end":{"line":6,"column":3}},"2":{"start":{"line":5,"column":4},"end":{"line":5,"column":16}},"3":{"start":{"line":7,"column":19},"end":{"line":7,"column":75}},"4":{"start":{"line":8,"column":2},"end":{"line":21,"column":3}},"5":{"start":{"line":9,"column":21},"end":{"line":9,"column":42}},"6":{"start":{"line":10,"column":4},"end":{"line":15,"column":5}},"7":{"start":{"line":11,"column":27},"end":{"line":11,"column":48}},"8":{"start":{"line":12,"column":6},"end":{"line":12,"column":37}},"9":{"start":{"line":14,"column":6},"end":{"line":14,"column":28}},"10":{"start":{"line":17,"column":4},"end":{"line":19,"column":5}},"11":{"start":{"line":18,"column":6},"end":{"line":18,"column":60}},"12":{"start":{"line":20,"column":4},"end":{"line":20,"column":14}},"13":{"start":{"line":26,"column":23},"end":{"line":26,"column":28}}},"fnMap":{"0":{"name":"lunoM","decl":{"start":{"line":2,"column":15},"end":{"line":2,"column":20}},"loc":{"start":{"line":2,"column":29},"end":{"line":22,"column":1}},"line":2}},"branchMap":{"0":{"loc":{"start":{"line":4,"column":2},"end":{"line":6,"column":3}},"type":"if","locations":[{"start":{"line":4,"column":2},"end":{"line":6,"column":3}},{"start":{},"end":{}}],"line":4},"1":{"loc":{"start":{"line":10,"column":4},"end":{"line":15,"column":5}},"type":"if","locations":[{"start":{"line":10,"column":4},"end":{"line":15,"column":5}},{"start":{"line":13,"column":11},"end":{"line":15,"column":5}}],"line":10},"2":{"loc":{"start":{"line":17,"column":4},"end":{"line":19,"column":5}},"type":"if","locations":[{"start":{"line":17,"column":4},"end":{"line":19,"column":5}},{"start":{},"end":{}}],"line":17}},"s":{"0":2,"1":2,"2":2,"3":2,"4":2,"5":2,"6":2,"7":1,"8":1,"9":1,"10":1,"11":1,"12":0,"13":8},"f":{"0":2},"b":{"0":[2,0],"1":[1,1],"2":[1,0]},"_coverageSchema":"1a1c01bbd47fc00a2c39e90264f33305004495a9","hash":"721660e0be064acb10cca93e4e5c1431ee913362"}
,"/Users/tankeanmeng/Desktop/Bootcamp/Luno/lib/lunoU.js": {"path":"/Users/tankeanmeng/Desktop/Bootcamp/Luno/lib/lunoU.js","statementMap":{"0":{"start":{"line":5,"column":2},"end":{"line":20,"column":3}},"1":{"start":{"line":6,"column":18},"end":{"line":6,"column":41}},"2":{"start":{"line":7,"column":27},"end":{"line":7,"column":45}},"3":{"start":{"line":8,"column":27},"end":{"line":8,"column":51}},"4":{"start":{"line":10,"column":4},"end":{"line":14,"column":5}},"5":{"start":{"line":11,"column":6},"end":{"line":11,"column":28}},"6":{"start":{"line":13,"column":6},"end":{"line":13,"column":28}},"7":{"start":{"line":16,"column":4},"end":{"line":18,"column":5}},"8":{"start":{"line":17,"column":6},"end":{"line":17,"column":60}},"9":{"start":{"line":19,"column":4},"end":{"line":19,"column":14}}},"fnMap":{"0":{"name":"lunoU","decl":{"start":{"line":4,"column":15},"end":{"line":4,"column":20}},"loc":{"start":{"line":4,"column":29},"end":{"line":21,"column":1}},"line":4}},"branchMap":{"0":{"loc":{"start":{"line":10,"column":4},"end":{"line":14,"column":5}},"type":"if","locations":[{"start":{"line":10,"column":4},"end":{"line":14,"column":5}},{"start":{"line":12,"column":11},"end":{"line":14,"column":5}}],"line":10},"1":{"loc":{"start":{"line":16,"column":4},"end":{"line":18,"column":5}},"type":"if","locations":[{"start":{"line":16,"column":4},"end":{"line":18,"column":5}},{"start":{},"end":{}}],"line":16}},"s":{"0":2,"1":2,"2":2,"3":2,"4":2,"5":1,"6":1,"7":1,"8":1,"9":0},"f":{"0":2},"b":{"0":[1,1],"1":[1,0]},"_coverageSchema":"1a1c01bbd47fc00a2c39e90264f33305004495a9","hash":"fd11a2e33b62197224f04ac73fb8d78d59208ddd"}
,"/Users/tankeanmeng/Desktop/Bootcamp/Luno/lib/math.js": {"path":"/Users/tankeanmeng/Desktop/Bootcamp/Luno/lib/math.js","statementMap":{"0":{"start":{"line":2,"column":2},"end":{"line":2,"column":47}},"1":{"start":{"line":2,"column":34},"end":{"line":2,"column":42}},"2":{"start":{"line":6,"column":4},"end":{"line":6,"column":23}}},"fnMap":{"0":{"name":"add","decl":{"start":{"line":1,"column":16},"end":{"line":1,"column":19}},"loc":{"start":{"line":1,"column":29},"end":{"line":3,"column":1}},"line":1},"1":{"name":"(anonymous_1)","decl":{"start":{"line":2,"column":21},"end":{"line":2,"column":22}},"loc":{"start":{"line":2,"column":34},"end":{"line":2,"column":42}},"line":2},"2":{"name":"demo","decl":{"start":{"line":5,"column":9},"end":{"line":5,"column":13}},"loc":{"start":{"line":5,"column":16},"end":{"line":7,"column":1}},"line":5}},"branchMap":{},"s":{"0":1,"1":5,"2":0},"f":{"0":1,"1":5,"2":0},"b":{},"_coverageSchema":"1a1c01bbd47fc00a2c39e90264f33305004495a9","hash":"2d2346302eb9fe65e1a26443d179728b6e106c27"}
,"/Users/tankeanmeng/Desktop/Bootcamp/Luno/lib/myrConvert.js": {"path":"/Users/tankeanmeng/Desktop/Bootcamp/Luno/lib/myrConvert.js","statementMap":{"0":{"start":{"line":4,"column":0},"end":{"line":4,"column":16}},"1":{"start":{"line":7,"column":18},"end":{"line":7,"column":31}},"2":{"start":{"line":8,"column":2},"end":{"line":8,"column":63}},"3":{"start":{"line":10,"column":23},"end":{"line":14,"column":3}},"4":{"start":{"line":15,"column":2},"end":{"line":31,"column":3}},"5":{"start":{"line":16,"column":21},"end":{"line":19,"column":5}},"6":{"start":{"line":20,"column":4},"end":{"line":25,"column":5}},"7":{"start":{"line":21,"column":27},"end":{"line":21,"column":48}},"8":{"start":{"line":22,"column":6},"end":{"line":22,"column":33}},"9":{"start":{"line":24,"column":6},"end":{"line":24,"column":28}},"10":{"start":{"line":27,"column":4},"end":{"line":29,"column":5}},"11":{"start":{"line":28,"column":6},"end":{"line":28,"column":60}},"12":{"start":{"line":30,"column":4},"end":{"line":30,"column":14}}},"fnMap":{"0":{"name":"myrConvert","decl":{"start":{"line":6,"column":15},"end":{"line":6,"column":25}},"loc":{"start":{"line":6,"column":28},"end":{"line":32,"column":1}},"line":6}},"branchMap":{"0":{"loc":{"start":{"line":20,"column":4},"end":{"line":25,"column":5}},"type":"if","locations":[{"start":{"line":20,"column":4},"end":{"line":25,"column":5}},{"start":{"line":23,"column":11},"end":{"line":25,"column":5}}],"line":20},"1":{"loc":{"start":{"line":27,"column":4},"end":{"line":29,"column":5}},"type":"if","locations":[{"start":{"line":27,"column":4},"end":{"line":29,"column":5}},{"start":{},"end":{}}],"line":27}},"s":{"0":8,"1":2,"2":2,"3":2,"4":2,"5":2,"6":2,"7":1,"8":1,"9":1,"10":1,"11":1,"12":0},"f":{"0":2},"b":{"0":[1,1],"1":[1,0]},"_coverageSchema":"1a1c01bbd47fc00a2c39e90264f33305004495a9","hash":"5c2489ddaec141a2c5e90fca287810277a35853e"}
,"/Users/tankeanmeng/Desktop/Bootcamp/Luno/lib/percentageD.js": {"path":"/Users/tankeanmeng/Desktop/Bootcamp/Luno/lib/percentageD.js","statementMap":{"0":{"start":{"line":6,"column":2},"end":{"line":21,"column":3}},"1":{"start":{"line":7,"column":25},"end":{"line":7,"column":47}},"2":{"start":{"line":9,"column":27},"end":{"line":9,"column":47}},"3":{"start":{"line":10,"column":23},"end":{"line":10,"column":62}},"4":{"start":{"line":11,"column":4},"end":{"line":15,"column":5}},"5":{"start":{"line":12,"column":6},"end":{"line":12,"column":23}},"6":{"start":{"line":14,"column":6},"end":{"line":14,"column":27}},"7":{"start":{"line":17,"column":4},"end":{"line":19,"column":5}},"8":{"start":{"line":18,"column":6},"end":{"line":18,"column":52}},"9":{"start":{"line":20,"column":4},"end":{"line":20,"column":14}}},"fnMap":{"0":{"name":"percentageD","decl":{"start":{"line":5,"column":22},"end":{"line":5,"column":33}},"loc":{"start":{"line":5,"column":42},"end":{"line":22,"column":1}},"line":5}},"branchMap":{"0":{"loc":{"start":{"line":11,"column":4},"end":{"line":15,"column":5}},"type":"if","locations":[{"start":{"line":11,"column":4},"end":{"line":15,"column":5}},{"start":{"line":13,"column":11},"end":{"line":15,"column":5}}],"line":11},"1":{"loc":{"start":{"line":17,"column":4},"end":{"line":19,"column":5}},"type":"if","locations":[{"start":{"line":17,"column":4},"end":{"line":19,"column":5}},{"start":{},"end":{}}],"line":17}},"s":{"0":2,"1":2,"2":2,"3":2,"4":2,"5":1,"6":1,"7":1,"8":1,"9":0},"f":{"0":2},"b":{"0":[1,1],"1":[1,0]},"_coverageSchema":"1a1c01bbd47fc00a2c39e90264f33305004495a9","hash":"666b277894d4655433035713129a3d69a124640c"}
,"/Users/tankeanmeng/Desktop/Bootcamp/Luno/lib/priceD.js": {"path":"/Users/tankeanmeng/Desktop/Bootcamp/Luno/lib/priceD.js","statementMap":{"0":{"start":{"line":5,"column":2},"end":{"line":19,"column":3}},"1":{"start":{"line":6,"column":18},"end":{"line":6,"column":37}},"2":{"start":{"line":7,"column":25},"end":{"line":7,"column":47}},"3":{"start":{"line":8,"column":23},"end":{"line":8,"column":55}},"4":{"start":{"line":9,"column":4},"end":{"line":13,"column":5}},"5":{"start":{"line":10,"column":6},"end":{"line":10,"column":24}},"6":{"start":{"line":12,"column":6},"end":{"line":12,"column":28}},"7":{"start":{"line":15,"column":4},"end":{"line":17,"column":5}},"8":{"start":{"line":16,"column":6},"end":{"line":16,"column":48}},"9":{"start":{"line":18,"column":4},"end":{"line":18,"column":14}}},"fnMap":{"0":{"name":"priceD","decl":{"start":{"line":4,"column":22},"end":{"line":4,"column":28}},"loc":{"start":{"line":4,"column":37},"end":{"line":20,"column":1}},"line":4}},"branchMap":{"0":{"loc":{"start":{"line":9,"column":4},"end":{"line":13,"column":5}},"type":"if","locations":[{"start":{"line":9,"column":4},"end":{"line":13,"column":5}},{"start":{"line":11,"column":11},"end":{"line":13,"column":5}}],"line":9},"1":{"loc":{"start":{"line":15,"column":4},"end":{"line":17,"column":5}},"type":"if","locations":[{"start":{"line":15,"column":4},"end":{"line":17,"column":5}},{"start":{},"end":{}}],"line":15}},"s":{"0":2,"1":2,"2":2,"3":2,"4":2,"5":1,"6":1,"7":1,"8":1,"9":0},"f":{"0":2},"b":{"0":[1,1],"1":[1,0]},"_coverageSchema":"1a1c01bbd47fc00a2c39e90264f33305004495a9","hash":"14068e640b5bc46fd3b969f85889922b51526159"}
,"/Users/tankeanmeng/Desktop/Bootcamp/Luno/lib/promptAsk.js": {"path":"/Users/tankeanmeng/Desktop/Bootcamp/Luno/lib/promptAsk.js","statementMap":{"0":{"start":{"line":5,"column":17},"end":{"line":5,"column":29}},"1":{"start":{"line":6,"column":17},"end":{"line":6,"column":41}},"2":{"start":{"line":7,"column":2},"end":{"line":7,"column":16}}},"fnMap":{"0":{"name":"promptAsk","decl":{"start":{"line":4,"column":22},"end":{"line":4,"column":31}},"loc":{"start":{"line":4,"column":34},"end":{"line":8,"column":1}},"line":4}},"branchMap":{},"s":{"0":1,"1":1,"2":1},"f":{"0":1},"b":{},"_coverageSchema":"1a1c01bbd47fc00a2c39e90264f33305004495a9","hash":"d7b846e03e2e6cb3c139575ac797a3df9129660c"}
}
