TN:
SF:index.js
FN:17,result
FNF:1
FNH:1
FNDA:2,result
DA:18,2
DA:19,2
DA:20,2
DA:22,2
DA:23,2
DA:24,2
DA:25,2
DA:26,2
DA:28,2
DA:30,2
DA:32,2
DA:33,2
DA:34,2
DA:35,2
DA:36,2
DA:37,2
DA:39,2
DA:40,2
DA:41,2
DA:42,2
DA:43,2
DA:44,2
DA:45,2
DA:47,0
DA:48,0
DA:52,0
DA:55,1
LF:27
LH:24
BRDA:22,0,0,2
BRDA:22,0,1,0
BRF:2
BRH:1
end_of_record
TN:
SF:lib/binanceU.js
FN:5,binanceU
FNF:1
FNH:1
FNDA:9,binanceU
DA:4,7
DA:7,9
DA:8,9
DA:9,4
DA:10,1
DA:12,3
DA:15,3
DA:16,3
DA:18,0
DA:22,7
LF:10
LH:9
BRDA:9,0,0,1
BRDA:9,0,1,3
BRDA:15,1,0,3
BRDA:15,1,1,0
BRF:4
BRH:3
end_of_record
TN:
SF:lib/lunoM.js
FN:2,lunoM
FNF:1
FNH:1
FNDA:2,lunoM
DA:3,2
DA:4,2
DA:5,2
DA:7,2
DA:8,2
DA:9,2
DA:10,2
DA:11,1
DA:12,1
DA:14,1
DA:17,1
DA:18,1
DA:20,0
DA:26,8
LF:14
LH:13
BRDA:4,0,0,2
BRDA:4,0,1,0
BRDA:10,1,0,1
BRDA:10,1,1,1
BRDA:17,2,0,1
BRDA:17,2,1,0
BRF:6
BRH:4
end_of_record
TN:
SF:lib/lunoU.js
FN:4,lunoU
FNF:1
FNH:1
FNDA:2,lunoU
DA:5,2
DA:6,2
DA:7,2
DA:8,2
DA:10,2
DA:11,1
DA:13,1
DA:16,1
DA:17,1
DA:19,0
LF:10
LH:9
BRDA:10,0,0,1
BRDA:10,0,1,1
BRDA:16,1,0,1
BRDA:16,1,1,0
BRF:4
BRH:3
end_of_record
TN:
SF:lib/math.js
FN:1,add
FN:2,(anonymous_1)
FN:5,demo
FNF:3
FNH:2
FNDA:1,add
FNDA:5,(anonymous_1)
FNDA:0,demo
DA:2,5
DA:6,0
LF:2
LH:1
BRF:0
BRH:0
end_of_record
TN:
SF:lib/myrConvert.js
FN:6,myrConvert
FNF:1
FNH:1
FNDA:2,myrConvert
DA:4,8
DA:7,2
DA:8,2
DA:10,2
DA:15,2
DA:16,2
DA:20,2
DA:21,1
DA:22,1
DA:24,1
DA:27,1
DA:28,1
DA:30,0
LF:13
LH:12
BRDA:20,0,0,1
BRDA:20,0,1,1
BRDA:27,1,0,1
BRDA:27,1,1,0
BRF:4
BRH:3
end_of_record
TN:
SF:lib/percentageD.js
FN:5,percentageD
FNF:1
FNH:1
FNDA:2,percentageD
DA:6,2
DA:7,2
DA:9,2
DA:10,2
DA:11,2
DA:12,1
DA:14,1
DA:17,1
DA:18,1
DA:20,0
LF:10
LH:9
BRDA:11,0,0,1
BRDA:11,0,1,1
BRDA:17,1,0,1
BRDA:17,1,1,0
BRF:4
BRH:3
end_of_record
TN:
SF:lib/priceD.js
FN:4,priceD
FNF:1
FNH:1
FNDA:2,priceD
DA:5,2
DA:6,2
DA:7,2
DA:8,2
DA:9,2
DA:10,1
DA:12,1
DA:15,1
DA:16,1
DA:18,0
LF:10
LH:9
BRDA:9,0,0,1
BRDA:9,0,1,1
BRDA:15,1,0,1
BRDA:15,1,1,0
BRF:4
BRH:3
end_of_record
TN:
SF:lib/promptAsk.js
FN:4,promptAsk
FNF:1
FNH:1
FNDA:1,promptAsk
DA:5,1
DA:6,1
DA:7,1
LF:3
LH:3
BRF:0
BRH:0
end_of_record
