TN:
SF:index.js
FN:16,result
FNF:1
FNH:1
FNDA:2,result
DA:17,2
DA:18,2
DA:19,1
DA:20,1
DA:21,1
DA:23,1
DA:25,1
DA:27,1
DA:28,1
DA:29,1
DA:30,1
DA:31,1
DA:32,1
DA:34,0
DA:37,1
LF:15
LH:14
BRF:0
BRH:0
end_of_record
TN:
SF:lib/binanceU.js
FN:5,binanceU
FNF:1
FNH:1
FNDA:2,binanceU
DA:4,7
DA:6,2
DA:7,2
DA:8,2
DA:9,1
DA:11,1
DA:14,1
DA:15,1
DA:17,0
LF:9
LH:8
BRDA:8,0,0,1
BRDA:8,0,1,1
BRDA:14,1,0,1
BRDA:14,1,1,0
BRF:4
BRH:3
end_of_record
TN:
SF:lib/lunoM.js
FN:1,lunoM
FNF:1
FNH:1
FNDA:3,lunoM
DA:2,3
DA:3,3
DA:6,2
DA:7,1
DA:8,1
DA:10,1
DA:13,1
DA:14,1
DA:16,0
DA:22,8
LF:10
LH:9
BRDA:6,0,0,1
BRDA:6,0,1,1
BRDA:13,1,0,1
BRDA:13,1,1,0
BRF:4
BRH:3
end_of_record
TN:
SF:lib/lunoU.js
FN:4,lunoU
FNF:1
FNH:1
FNDA:2,lunoU
DA:5,2
DA:6,2
DA:7,2
DA:8,2
DA:10,2
DA:11,1
DA:13,1
DA:16,1
DA:17,1
DA:19,0
LF:10
LH:9
BRDA:10,0,0,1
BRDA:10,0,1,1
BRDA:16,1,0,1
BRDA:16,1,1,0
BRF:4
BRH:3
end_of_record
TN:
SF:lib/math.js
FN:1,add
FN:2,(anonymous_1)
FN:5,demo
FNF:3
FNH:2
FNDA:1,add
FNDA:5,(anonymous_1)
FNDA:0,demo
DA:2,5
DA:6,0
LF:2
LH:1
BRF:0
BRH:0
end_of_record
TN:
SF:lib/myrConvert.js
FN:6,myrConvert
FNF:1
FNH:1
FNDA:2,myrConvert
DA:4,8
DA:7,2
DA:8,2
DA:10,2
DA:15,2
DA:16,2
DA:20,2
DA:21,1
DA:22,1
DA:24,1
DA:27,1
DA:28,1
DA:30,0
LF:13
LH:12
BRDA:20,0,0,1
BRDA:20,0,1,1
BRDA:27,1,0,1
BRDA:27,1,1,0
BRF:4
BRH:3
end_of_record
TN:
SF:lib/percentageD.js
FN:5,percentageD
FNF:1
FNH:1
FNDA:2,percentageD
DA:6,2
DA:7,2
DA:9,2
DA:10,2
DA:11,2
DA:12,1
DA:14,1
DA:17,1
DA:18,1
DA:20,0
LF:10
LH:9
BRDA:11,0,0,1
BRDA:11,0,1,1
BRDA:17,1,0,1
BRDA:17,1,1,0
BRF:4
BRH:3
end_of_record
TN:
SF:lib/priceD.js
FN:4,priceD
FNF:1
FNH:1
FNDA:2,priceD
DA:5,2
DA:6,2
DA:7,2
DA:8,2
DA:9,2
DA:10,1
DA:12,1
DA:15,1
DA:16,1
DA:18,0
LF:10
LH:9
BRDA:9,0,0,1
BRDA:9,0,1,1
BRDA:15,1,0,1
BRDA:15,1,1,0
BRF:4
BRH:3
end_of_record
